2025-09-09 23:07:31,614 [INFO] Activator:176 - 


2025-09-09 23:07:31,617 [INFO] Activator:177 - !SESSION log4j initialized
2025-09-09 23:07:33,892 [ERROR] LogOutputStream:75 - [STDERR_REDIRECT] 
2025-09-09 23:07:36,391 [INFO] LogOutputStream:77 - [STDOUT_REDIRECT] 
2025-09-09 23:07:38,891 [INFO] ApplicationProperties:184 - Using Application install path: /Applications/STM32CubeIDE.app/Contents/Eclipse/plugins/com.st.stm32cube.common.mx_6.15.0.202507011659
2025-09-09 23:07:38,908 [INFO] DbMcusXml:78 - Set database path to: /Applications/STM32CubeIDE.app/Contents/Eclipse/plugins/com.st.stm32cube.common.mx_6.15.0.202507011659//db//mcu/
2025-09-09 23:07:38,908 [INFO] ApiDb:274 - Set plugin database path to: /Applications/STM32CubeIDE.app/Contents/Eclipse/plugins/com.st.stm32cube.common.mx_6.15.0.202507011659//db//plugins/boardmanager/
2025-09-09 23:07:38,910 [WARN] ApiDb:259 - Overriding images path with different value:  => /Applications/STM32CubeIDE.app/Contents/Eclipse/plugins/com.st.stm32cube.common.mx_6.15.0.202507011659//db//plugins/mcufinder/images/
2025-09-09 23:07:38,916 [INFO] ApiDb:250 - Set database path to: /Users/mhaoliu/.stmcufinder/plugins/mcufinder//mcu/
2025-09-09 23:07:38,917 [INFO] DbMcusAds:125 - Set database path to: /Users/mhaoliu/.stmcufinder/plugins/mcufinder//mcu/
2025-09-09 23:07:38,918 [INFO] CrossReferenceDbSqlite:203 - Set database path to: /Users/mhaoliu/.stmcufinder/plugins/mcufinder//mcu/cs/
2025-09-09 23:07:39,081 [INFO] RulesReader:64 - Compatibility file has been processed (317 Rules)
2025-09-09 23:07:39,150 [INFO] DbMcusXml:78 - Set database path to: /Applications/STM32CubeIDE.app/Contents/Eclipse/plugins/com.st.stm32cube.common.mx_6.15.0.202507011659//db//mcu/
2025-09-09 23:07:39,151 [INFO] ApiDb:274 - Set plugin database path to: /Applications/STM32CubeIDE.app/Contents/Eclipse/plugins/com.st.stm32cube.common.mx_6.15.0.202507011659//db//plugins/boardmanager/
2025-09-09 23:07:39,151 [INFO] ApiDb:261 - Set plugin images path to: /Applications/STM32CubeIDE.app/Contents/Eclipse/plugins/com.st.stm32cube.common.mx_6.15.0.202507011659//db//plugins/mcufinder/images/
2025-09-09 23:07:39,152 [WARN] DbFile:41 - Overriding database path with different value: /Users/mhaoliu/.stmcufinder/plugins/mcufinder/ => /Users/mhaoliu/.stmcufinder/plugins/mcufinder
2025-09-09 23:07:39,152 [INFO] ApiDb:250 - Set database path to: /Users/mhaoliu/.stmcufinder/plugins/mcufinder//mcu/
2025-09-09 23:07:39,153 [WARN] DbFile:41 - Overriding database path with different value: /Users/mhaoliu/.stmcufinder/plugins/mcufinder/ => /Users/mhaoliu/.stmcufinder/plugins/mcufinder
2025-09-09 23:07:39,153 [INFO] DbMcusAds:125 - Set database path to: /Users/mhaoliu/.stmcufinder/plugins/mcufinder//mcu/
2025-09-09 23:07:39,153 [WARN] DbFile:41 - Overriding database path with different value: /Users/mhaoliu/.stmcufinder/plugins/mcufinder/ => /Users/mhaoliu/.stmcufinder/plugins/mcufinder
2025-09-09 23:07:39,153 [WARN] DbFile:41 - Overriding database path with different value: /Users/mhaoliu/.stmcufinder/plugins/mcufinder/ => /Users/mhaoliu/.stmcufinder/plugins/mcufinder
2025-09-09 23:07:39,153 [INFO] CrossReferenceDbSqlite:203 - Set database path to: /Users/mhaoliu/.stmcufinder/plugins/mcufinder//mcu/cs/
2025-09-09 23:07:39,257 [INFO] MainPanel:274 - HeapMemory: 268435456
2025-09-09 23:07:39,873 [INFO] DbMcusXml:78 - Set database path to: /Applications/STM32CubeIDE.app/Contents/Eclipse/plugins/com.st.stm32cube.common.mx_6.15.0.202507011659//db//mcu/
2025-09-09 23:07:39,873 [INFO] ApiDb:274 - Set plugin database path to: /Applications/STM32CubeIDE.app/Contents/Eclipse/plugins/com.st.stm32cube.common.mx_6.15.0.202507011659//db//plugins/boardmanager/
2025-09-09 23:07:39,873 [INFO] ApiDb:261 - Set plugin images path to: /Applications/STM32CubeIDE.app/Contents/Eclipse/plugins/com.st.stm32cube.common.mx_6.15.0.202507011659//db//plugins/mcufinder/images/
2025-09-09 23:07:39,874 [WARN] DbFile:41 - Overriding database path with different value: /Users/mhaoliu/.stmcufinder/plugins/mcufinder/ => /Users/mhaoliu/.stmcufinder/plugins/mcufinder
2025-09-09 23:07:39,874 [INFO] ApiDb:250 - Set database path to: /Users/mhaoliu/.stmcufinder/plugins/mcufinder//mcu/
2025-09-09 23:07:39,874 [WARN] DbFile:41 - Overriding database path with different value: /Users/mhaoliu/.stmcufinder/plugins/mcufinder/ => /Users/mhaoliu/.stmcufinder/plugins/mcufinder
2025-09-09 23:07:39,874 [INFO] DbMcusAds:125 - Set database path to: /Users/mhaoliu/.stmcufinder/plugins/mcufinder//mcu/
2025-09-09 23:07:39,874 [WARN] DbFile:41 - Overriding database path with different value: /Users/mhaoliu/.stmcufinder/plugins/mcufinder/ => /Users/mhaoliu/.stmcufinder/plugins/mcufinder
2025-09-09 23:07:39,874 [WARN] DbFile:41 - Overriding database path with different value: /Users/mhaoliu/.stmcufinder/plugins/mcufinder/ => /Users/mhaoliu/.stmcufinder/plugins/mcufinder
2025-09-09 23:07:39,874 [INFO] CrossReferenceDbSqlite:203 - Set database path to: /Users/mhaoliu/.stmcufinder/plugins/mcufinder//mcu/cs/
2025-09-09 23:07:39,893 [INFO] ApplicationProperties:184 - Using Application install path: /Applications/STM32CubeIDE.app/Contents/Eclipse/plugins/com.st.stm32cube.common.mx_6.15.0.202507011659
2025-09-09 23:07:39,894 [INFO] PluginManage:196 - Search for loadable plugins [exclusion list=, ]
2025-09-09 23:07:39,897 [INFO] PluginManage:310 - Check plugin analytics
2025-09-09 23:07:40,226 [INFO] AnalyticsPlugin:253 - Accepted Software Licenses: 
2025-09-09 23:07:40,227 [INFO] AnalyticsPlugin:255 - Accepted CMSIS Pack Licenses: 
2025-09-09 23:07:40,227 [INFO] AnalyticsPlugin:257 - Accepted Firmware Licenses: 
2025-09-09 23:07:40,236 [INFO] PluginManage:359 - Loaded plugin analytics (category:tool,tabindex:-1)
2025-09-09 23:07:40,237 [INFO] PluginManage:310 - Check plugin cadmodel
2025-09-09 23:07:40,249 [INFO] CADModel:105 - Init CAD model plugin
2025-09-09 23:07:40,250 [INFO] PluginManage:359 - Loaded plugin cadmodel (category:power,tabindex:5)
2025-09-09 23:07:40,250 [INFO] PluginManage:310 - Check plugin clock
2025-09-09 23:07:40,264 [INFO] PluginManage:359 - Loaded plugin clock (category:base,tabindex:2)
2025-09-09 23:07:40,265 [INFO] PluginManage:310 - Check plugin ddr
2025-09-09 23:07:40,282 [INFO] PluginManage:359 - Loaded plugin ddr (category:tool,tabindex:6)
2025-09-09 23:07:40,283 [INFO] PluginManage:310 - Check plugin filemanager
2025-09-09 23:07:40,892 [INFO] PluginManage:359 - Loaded plugin filemanager (category:base,tabindex:10)
2025-09-09 23:07:40,898 [INFO] PluginManage:310 - Check plugin ipmanager
2025-09-09 23:07:40,963 [INFO] PluginManage:359 - Loaded plugin ipmanager (category:base,tabindex:5)
2025-09-09 23:07:40,965 [INFO] PluginManage:310 - Check plugin lpbam
2025-09-09 23:07:41,001 [INFO] PluginManage:359 - Loaded plugin lpbam (category:base,tabindex:0)
2025-09-09 23:07:41,002 [INFO] PluginManage:310 - Check plugin memorymap
2025-09-09 23:07:41,026 [INFO] PluginManage:359 - Loaded plugin memorymap (category:base,tabindex:4)
2025-09-09 23:07:41,027 [INFO] PluginManage:310 - Check plugin pinoutandconfiguration
2025-09-09 23:07:41,044 [INFO] PluginManage:359 - Loaded plugin pinoutandconfiguration (category:base,tabindex:1)
2025-09-09 23:07:41,045 [INFO] PluginManage:310 - Check plugin pinoutconfig
2025-09-09 23:07:41,158 [WARN] SupportedApi:132 - Cannot load RTOS API schema: s4s-elt-must-match.1: The content of 'definitions' must match (annotation?, (simpleType | complexType)?, (unique | key | keyref)*)). A problem was found starting at: attribute.
2025-09-09 23:07:41,556 [INFO] PluginManage:359 - Loaded plugin pinoutconfig (category:base,tabindex:0)
2025-09-09 23:07:41,557 [INFO] PluginManage:310 - Check plugin power
2025-09-09 23:07:41,581 [INFO] PluginManage:359 - Loaded plugin power (category:power,tabindex:4)
2025-09-09 23:07:41,581 [INFO] PluginManage:310 - Check plugin projectmanager
2025-09-09 23:07:41,645 [INFO] PluginManage:359 - Loaded plugin projectmanager (category:projectmanager,tabindex:4)
2025-09-09 23:07:41,646 [INFO] PluginManage:310 - Check plugin rif
2025-09-09 23:07:41,658 [INFO] PluginManage:359 - Loaded plugin rif (category:base,tabindex:3)
2025-09-09 23:07:41,658 [INFO] PluginManage:310 - Check plugin thirdparty
2025-09-09 23:07:41,962 [INFO] PluginManage:359 - Loaded plugin thirdparty (category:base,tabindex:-1)
2025-09-09 23:07:41,964 [INFO] PluginManage:310 - Check plugin tools
2025-09-09 23:07:41,975 [INFO] PluginManage:359 - Loaded plugin tools (category:base,tabindex:7)
2025-09-09 23:07:41,976 [INFO] PluginManage:310 - Check plugin tutovideos
2025-09-09 23:07:41,962 [WARN] IntegrityCheckThread:84 - waiting for thirdparty lock release [integrity check]
2025-09-09 23:07:41,982 [INFO] IntegrityCheckThread:86 - entering critical section [integrity check]
2025-09-09 23:07:41,986 [INFO] ThirdPartyUpdaterWithRetryManager:70 - Updater plugin not ready yet. [1/15]
2025-09-09 23:07:42,229 [INFO] PluginManage:359 - Loaded plugin tutovideos (category:base,tabindex:-1)
2025-09-09 23:07:42,229 [INFO] PluginManage:310 - Check plugin updater
2025-09-09 23:07:42,278 [INFO] PluginManage:359 - Loaded plugin updater (category:base,tabindex:12)
2025-09-09 23:07:42,279 [INFO] PluginManage:310 - Check plugin userauth
2025-09-09 23:07:42,286 [INFO] UserAuth:118 - Init User Auth plugin
2025-09-09 23:07:42,287 [INFO] PluginManage:359 - Loaded plugin userauth (category:base,tabindex:14)
2025-09-09 23:07:42,288 [INFO] PluginManage:283 - PluginManage : Loaded plugins [18]
2025-09-09 23:07:42,950 [INFO] PinOutPanel:1589 - setPackage(No Configuration,No Configuration)
2025-09-09 23:07:43,074 [INFO] CADModel:165 - CPN selected for project level
2025-09-09 23:07:43,075 [INFO] CADModel:114 - Register for checkConnection events
2025-09-09 23:07:43,106 [INFO] IPUIPlugin:80 - create IPUIPlugin
2025-09-09 23:07:43,107 [INFO] PluginManager:220 - loadIPPluginJar : add mdma
2025-09-09 23:07:43,140 [INFO] IPUIPlugin:80 - create IPUIPlugin
2025-09-09 23:07:43,141 [INFO] PluginManager:220 - loadIPPluginJar : add freertos
2025-09-09 23:07:43,155 [INFO] IPUIPlugin:80 - create IPUIPlugin
2025-09-09 23:07:43,156 [INFO] PluginManager:220 - loadIPPluginJar : add gic
2025-09-09 23:07:43,216 [INFO] IPUIPlugin:80 - create IPUIPlugin
2025-09-09 23:07:43,216 [INFO] PluginManager:220 - loadIPPluginJar : add adc
2025-09-09 23:07:43,221 [INFO] IPUIPlugin:80 - create IPUIPlugin
2025-09-09 23:07:43,221 [INFO] PluginManager:220 - loadIPPluginJar : add gtzc
2025-09-09 23:07:43,222 [INFO] IPUIPlugin:80 - create IPUIPlugin
2025-09-09 23:07:43,222 [INFO] PluginManager:220 - loadIPPluginJar : add quadspi
2025-09-09 23:07:43,224 [INFO] IPUIPlugin:80 - create IPUIPlugin
2025-09-09 23:07:43,224 [INFO] PluginManager:220 - loadIPPluginJar : add aes
2025-09-09 23:07:43,227 [INFO] IPUIPlugin:80 - create IPUIPlugin
2025-09-09 23:07:43,227 [INFO] PluginManager:220 - loadIPPluginJar : add pdm2pcm
2025-09-09 23:07:43,230 [INFO] IPUIPlugin:80 - create IPUIPlugin
2025-09-09 23:07:43,230 [INFO] PluginManager:220 - loadIPPluginJar : add hash
2025-09-09 23:07:43,232 [INFO] IPUIPlugin:80 - create IPUIPlugin
2025-09-09 23:07:43,232 [INFO] PluginManager:220 - loadIPPluginJar : add tim
2025-09-09 23:07:43,233 [INFO] IPUIPlugin:80 - create IPUIPlugin
2025-09-09 23:07:43,233 [INFO] PluginManager:220 - loadIPPluginJar : add tsc
2025-09-09 23:07:43,235 [INFO] IPUIPlugin:80 - create IPUIPlugin
2025-09-09 23:07:43,235 [INFO] PluginManager:220 - loadIPPluginJar : add extmemmanager
2025-09-09 23:07:43,238 [INFO] IPUIPlugin:80 - create IPUIPlugin
2025-09-09 23:07:43,238 [INFO] PluginManager:220 - loadIPPluginJar : add ts
2025-09-09 23:07:43,240 [INFO] IPUIPlugin:80 - create IPUIPlugin
2025-09-09 23:07:43,240 [INFO] PluginManager:220 - loadIPPluginJar : add radio
2025-09-09 23:07:43,243 [INFO] IPUIPlugin:80 - create IPUIPlugin
2025-09-09 23:07:43,243 [INFO] PluginManager:220 - loadIPPluginJar : add can
2025-09-09 23:07:43,245 [INFO] IPUIPlugin:80 - create IPUIPlugin
2025-09-09 23:07:43,245 [INFO] PluginManager:220 - loadIPPluginJar : add dma3
2025-09-09 23:07:43,247 [INFO] IPUIPlugin:80 - create IPUIPlugin
2025-09-09 23:07:43,247 [INFO] PluginManager:220 - loadIPPluginJar : add dfsdm
2025-09-09 23:07:43,248 [INFO] IPUIPlugin:80 - create IPUIPlugin
2025-09-09 23:07:43,248 [INFO] PluginManager:220 - loadIPPluginJar : add spi
2025-09-09 23:07:43,250 [INFO] IPUIPlugin:80 - create IPUIPlugin
2025-09-09 23:07:43,250 [INFO] PluginManager:220 - loadIPPluginJar : add gfxmmu
2025-09-09 23:07:43,251 [INFO] IPUIPlugin:80 - create IPUIPlugin
2025-09-09 23:07:43,251 [INFO] PluginManager:220 - loadIPPluginJar : add genericplugin
2025-09-09 23:07:43,253 [INFO] IPUIPlugin:80 - create IPUIPlugin
2025-09-09 23:07:43,254 [INFO] PluginManager:220 - loadIPPluginJar : add cryp
2025-09-09 23:07:43,258 [INFO] IPUIPlugin:80 - create IPUIPlugin
2025-09-09 23:07:43,258 [INFO] PluginManager:220 - loadIPPluginJar : add gpio
2025-09-09 23:07:43,262 [INFO] IPUIPlugin:80 - create IPUIPlugin
2025-09-09 23:07:43,263 [INFO] PluginManager:220 - loadIPPluginJar : add ddr_ctrl_phy
2025-09-09 23:07:43,266 [INFO] IPUIPlugin:80 - create IPUIPlugin
2025-09-09 23:07:43,266 [INFO] PluginManager:220 - loadIPPluginJar : add comp
2025-09-09 23:07:43,268 [INFO] IPUIPlugin:80 - create IPUIPlugin
2025-09-09 23:07:43,269 [INFO] PluginManager:220 - loadIPPluginJar : add tracer_emb
2025-09-09 23:07:43,271 [INFO] IPUIPlugin:80 - create IPUIPlugin
2025-09-09 23:07:43,271 [INFO] PluginManager:220 - loadIPPluginJar : add openamp
2025-09-09 23:07:43,275 [INFO] IPUIPlugin:80 - create IPUIPlugin
2025-09-09 23:07:43,276 [INFO] PluginManager:220 - loadIPPluginJar : add stm32_wpan
2025-09-09 23:07:43,281 [INFO] IPUIPlugin:80 - create IPUIPlugin
2025-09-09 23:07:43,287 [INFO] PluginManager:220 - loadIPPluginJar : add plateformsettings
2025-09-09 23:07:43,290 [INFO] IPUIPlugin:80 - create IPUIPlugin
2025-09-09 23:07:43,290 [INFO] PluginManager:220 - loadIPPluginJar : add ipddr
2025-09-09 23:07:43,292 [INFO] IPUIPlugin:80 - create IPUIPlugin
2025-09-09 23:07:43,292 [INFO] PluginManager:220 - loadIPPluginJar : add usart
2025-09-09 23:07:43,293 [INFO] IPUIPlugin:80 - create IPUIPlugin
2025-09-09 23:07:43,293 [INFO] PluginManager:220 - loadIPPluginJar : add ltdc
2025-09-09 23:07:43,296 [INFO] IPUIPlugin:80 - create IPUIPlugin
2025-09-09 23:07:43,296 [INFO] PluginManager:220 - loadIPPluginJar : add nvic
2025-09-09 23:07:43,297 [INFO] IPUIPlugin:80 - create IPUIPlugin
2025-09-09 23:07:43,297 [INFO] PluginManager:220 - loadIPPluginJar : add fatfs
2025-09-09 23:07:43,304 [INFO] IPUIPlugin:80 - create IPUIPlugin
2025-09-09 23:07:43,304 [INFO] PluginManager:220 - loadIPPluginJar : add linkedlist
2025-09-09 23:07:43,308 [INFO] IPUIPlugin:80 - create IPUIPlugin
2025-09-09 23:07:43,308 [INFO] PluginManager:220 - loadIPPluginJar : add dma
2025-09-09 23:07:43,311 [INFO] IPUIPlugin:80 - create IPUIPlugin
2025-09-09 23:07:43,311 [INFO] PluginManager:220 - loadIPPluginJar : add fmc
2025-09-09 23:07:43,313 [INFO] IPUIPlugin:80 - create IPUIPlugin
2025-09-09 23:07:43,314 [INFO] PluginManager:220 - loadIPPluginJar : add i2s
2025-09-09 23:07:43,316 [INFO] IPUIPlugin:80 - create IPUIPlugin
2025-09-09 23:07:43,316 [INFO] PluginManager:220 - loadIPPluginJar : add ucpd
2025-09-09 23:07:43,319 [INFO] IPUIPlugin:80 - create IPUIPlugin
2025-09-09 23:07:43,321 [INFO] PluginManager:220 - loadIPPluginJar : add lorawan
2025-09-09 23:07:43,324 [INFO] IPUIPlugin:80 - create IPUIPlugin
2025-09-09 23:07:43,324 [INFO] PluginManager:220 - loadIPPluginJar : add opamp
2025-09-09 23:07:43,326 [INFO] IPUIPlugin:80 - create IPUIPlugin
2025-09-09 23:07:43,326 [INFO] PluginManager:220 - loadIPPluginJar : add i3c
2025-09-09 23:07:43,329 [INFO] IPUIPlugin:80 - create IPUIPlugin
2025-09-09 23:07:43,331 [INFO] PluginManager:220 - loadIPPluginJar : add touchsensing
2025-09-09 23:07:43,336 [INFO] IPUIPlugin:80 - create IPUIPlugin
2025-09-09 23:07:43,336 [INFO] PluginManager:220 - loadIPPluginJar : add i2c
2025-09-09 23:07:43,340 [INFO] IPUIPlugin:80 - create IPUIPlugin
2025-09-09 23:07:43,340 [INFO] PluginManager:220 - loadIPPluginJar : add resmgrutility
2025-09-09 23:07:43,343 [INFO] IPUIPlugin:80 - create IPUIPlugin
2025-09-09 23:07:43,343 [INFO] PluginManager:220 - loadIPPluginJar : add sai
2025-09-09 23:07:43,345 [INFO] IPUIPlugin:80 - create IPUIPlugin
2025-09-09 23:07:43,345 [INFO] PluginManager:220 - loadIPPluginJar : add usbx
2025-09-09 23:07:43,524 [FATAL] Updater:351 - Updater called before beeing initialized
2025-09-09 23:07:43,620 [INFO] RulesReader:64 - Compatibility file has been processed (317 Rules)
2025-09-09 23:07:43,642 [INFO] RulesReader:64 - Compatibility file has been processed (317 Rules)
2025-09-09 23:07:43,652 [INFO] CADModel:165 - CPN selected for project level
2025-09-09 23:07:43,653 [INFO] CADModel:114 - Register for checkConnection events
2025-09-09 23:07:43,653 [FATAL] Updater:351 - Updater called before beeing initialized
2025-09-09 23:07:43,653 [ERROR] CADModel:125 - Updater not yet initialized, retry later 
2025-09-09 23:07:44,486 [FATAL] Updater:351 - Updater called before beeing initialized
2025-09-09 23:07:44,499 [INFO] CADModel:165 - CPN selected for project level
2025-09-09 23:07:44,501 [INFO] CADModel:114 - Register for checkConnection events
2025-09-09 23:07:44,501 [FATAL] Updater:351 - Updater called before beeing initialized
2025-09-09 23:07:44,501 [ERROR] CADModel:125 - Updater not yet initialized, retry later 
2025-09-09 23:07:44,507 [FATAL] Updater:351 - Updater called before beeing initialized
2025-09-09 23:07:44,862 [FATAL] Updater:351 - Updater called before beeing initialized
2025-09-09 23:07:44,878 [INFO] DbMcusAds:53 - JSON generation date=Tue Jul 08 04:14:23 EDT 2025 (1751962463582)
2025-09-09 23:07:44,880 [FATAL] Updater:351 - Updater called before beeing initialized
2025-09-09 23:07:44,961 [WARN] DetailPanel:346 - Failed to get advertising image, set to default
2025-09-09 23:07:44,992 [INFO] ThirdPartyUpdaterWithRetryManager:70 - Updater plugin not ready yet. [2/15]
2025-09-09 23:07:45,071 [FATAL] Updater:351 - Updater called before beeing initialized
2025-09-09 23:07:45,077 [FATAL] Updater:351 - Updater called before beeing initialized
2025-09-09 23:07:45,077 [FATAL] Updater:351 - Updater called before beeing initialized
2025-09-09 23:07:45,078 [WARN] DetailPanel:346 - Failed to get advertising image, set to default
2025-09-09 23:07:45,082 [FATAL] Updater:351 - Updater called before beeing initialized
2025-09-09 23:07:45,228 [ERROR] Updater:1198 - MainUpdater not yet initialized. External WinMGr cannot be set.
2025-09-09 23:07:45,246 [INFO] Updater:1134 - Updater Version found : 6.15.0
2025-09-09 23:07:45,266 [INFO] ApplicationProperties:184 - Using Application install path: /Applications/STM32CubeIDE.app/Contents/Eclipse/plugins/com.st.stm32cube.common.mx_6.15.0.202507011659
2025-09-09 23:07:45,724 [INFO] MainUpdater:2872 - connection check result : 10
2025-09-09 23:07:45,725 [INFO] MainUpdater:289 - Updater Check For Update Now.
2025-09-09 23:07:45,725 [INFO] MicroXplorer:498 - Change Database Version : DB.6.0.150
2025-09-09 23:07:45,733 [INFO] McuFinderGlobals:63 - Set McuFinder mode to 2 (CubeIDE integrated)
2025-09-09 23:07:45,735 [INFO] UserAuth:487 - Internet connection configuration mode: 1
2025-09-09 23:07:45,762 [INFO] JxBrowserEngine:152 - Initiate JxBrowser Engine with user profile folder
2025-09-09 23:07:46,133 [INFO] CheckServerUpdateThread:120 - End of CheckServer Thread
2025-09-09 23:07:48,408 [WARN] PackLoader:240 - Cannot read IP mode file for STMicroelectronics.FP-SNS-MOTENVWB1.1.4.0
2025-09-09 23:07:48,442 [WARN] PackLoader:240 - Cannot read IP mode file for STMicroelectronics.FP-ATR-ASTRA1.2.0.2
2025-09-09 23:07:48,459 [WARN] PackLoader:240 - Cannot read IP mode file for STMicroelectronics.X-CUBE-SMBUS.2.1.0
2025-09-09 23:07:48,466 [WARN] PackLoader:240 - Cannot read IP mode file for STMicroelectronics.X-CUBE-ST60.1.0.0
2025-09-09 23:07:48,483 [WARN] PackLoader:240 - Cannot read IP mode file for STMicroelectronics.X-CUBE-TOUCHGFX.4.23.0
2025-09-09 23:07:48,567 [WARN] PackLoader:240 - Cannot read IP mode file for STMicroelectronics.X-CUBE-AZRTOS-F7.1.1.0
2025-09-09 23:07:48,609 [WARN] PackLoader:240 - Cannot read IP mode file for STMicroelectronics.FP-SNS-MOTENV1.4.3.2
2025-09-09 23:07:48,640 [WARN] PackLoader:240 - Cannot read IP mode file for STMicroelectronics.FP-SNS-FLIGHT1.5.0.2
2025-09-09 23:07:48,729 [WARN] PackLoader:240 - Cannot read IP mode file for STMicroelectronics.X-CUBE-AZRTOS-H7.3.4.0
2025-09-09 23:07:48,790 [WARN] PackLoader:240 - Cannot read IP mode file for STMicroelectronics.X-CUBE-DISPLAY.3.0.0
2025-09-09 23:07:48,856 [WARN] PackLoader:240 - Cannot read IP mode file for STMicroelectronics.X-CUBE-BLE1.7.0.0
2025-09-09 23:07:48,898 [WARN] PackLoader:240 - Cannot read IP mode file for STMicroelectronics.X-CUBE-NFC10.1.0.0
2025-09-09 23:07:48,936 [WARN] PackLoader:240 - Cannot read IP mode file for emotas.I-CUBE-CANOPEN.1.3.0
2025-09-09 23:07:48,969 [WARN] ConditionMgr:438 - getConditionDescription Invalid condition id : Cortex-A Device cause : null
2025-09-09 23:07:48,993 [WARN] ConditionMgr:1044 - genDependencies : Invalid condition id : Cortex-A Device cause : null
2025-09-09 23:07:48,993 [WARN] ConditionMgr:1044 - genDependencies : Invalid condition id : Cortex-A Device cause : null
2025-09-09 23:07:48,994 [WARN] ConditionMgr:1044 - genDependencies : Invalid condition id : Cortex-A Device cause : null
2025-09-09 23:07:49,018 [WARN] PackLoader:240 - Cannot read IP mode file for STMicroelectronics.FP-SNS-STBOX1.2.1.0
2025-09-09 23:07:49,040 [WARN] PackLoader:240 - Cannot read IP mode file for STMicroelectronics.FP-SNS-SMARTAG2.1.2.0
2025-09-09 23:07:49,049 [WARN] PackLoader:240 - Cannot read IP mode file for STMicroelectronics.FP-SNS-FLIGHT1.5.1.0
2025-09-09 23:07:49,088 [INFO] LogOutputStream:77 - [STDOUT_REDIRECT] 1 : Invalid condition id : UX_CORESTACK_Condition cause : null
2025-09-09 23:07:49,093 [INFO] LogOutputStream:77 - [STDOUT_REDIRECT] 1 : Invalid condition id : UX_CORESTACK_Condition cause : null
2025-09-09 23:07:49,094 [INFO] LogOutputStream:77 - [STDOUT_REDIRECT] 1 : Invalid condition id : UX_CORESTACK_Condition cause : null
2025-09-09 23:07:49,094 [INFO] LogOutputStream:77 - [STDOUT_REDIRECT] 1 : Invalid condition id : UX_CORESTACK_Condition cause : null
2025-09-09 23:07:49,094 [INFO] LogOutputStream:77 - [STDOUT_REDIRECT] 1 : Invalid condition id : UX_CORESTACK_Condition cause : null
2025-09-09 23:07:49,120 [WARN] PackLoader:240 - Cannot read IP mode file for STMicroelectronics.X-CUBE-AZRTOS-WL.2.0.0
2025-09-09 23:07:49,133 [WARN] PackLoader:240 - Cannot read IP mode file for STMicroelectronics.FP-SNS-MOTENV1.5.0.0
2025-09-09 23:07:49,155 [WARN] PackLoader:240 - Cannot read IP mode file for WES.I-CUBE-Cesium.1.3.0
2025-09-09 23:07:49,169 [WARN] PackLoader:240 - Cannot read IP mode file for STMicroelectronics.X-CUBE-BLE2.3.3.0
2025-09-09 23:07:49,187 [WARN] PackLoader:240 - Cannot read IP mode file for STMicroelectronics.X-CUBE-NFC9.1.0.0
2025-09-09 23:07:49,208 [WARN] PackLoader:240 - Cannot read IP mode file for STMicroelectronics.X-CUBE-BLE1.7.1.0
2025-09-09 23:07:49,218 [WARN] PackLoader:240 - Cannot read IP mode file for wolfSSL.I-CUBE-wolfMQTT.1.19.2
2025-09-09 23:07:49,250 [WARN] PackLoader:240 - Cannot read IP mode file for STMicroelectronics.X-CUBE-EEPRMA1.5.2.0
2025-09-09 23:07:49,266 [WARN] PackLoader:240 - Cannot read IP mode file for STMicroelectronics.X-CUBE-AI.10.1.0
2025-09-09 23:07:49,283 [WARN] PackLoader:240 - Cannot read IP mode file for STMicroelectronics.X-CUBE-ALGOBUILD.1.3.0
2025-09-09 23:07:49,317 [WARN] PackLoader:240 - Cannot read IP mode file for STMicroelectronics.X-CUBE-AZRTOS-G0.1.1.0
2025-09-09 23:07:49,350 [WARN] PackLoader:240 - Cannot read IP mode file for STMicroelectronics.X-CUBE-SAFEA1.1.2.2
2025-09-09 23:07:49,376 [WARN] PackLoader:240 - Cannot read IP mode file for STMicroelectronics.X-CUBE-NFC4.3.0.0
2025-09-09 23:07:49,404 [WARN] PackLoader:240 - Cannot read IP mode file for EmbeddedOffice.I-CUBE-FS-RTOS.1.0.1
2025-09-09 23:07:49,427 [WARN] PackLoader:240 - Cannot read IP mode file for STMicroelectronics.X-CUBE-WB05N.2.0.0
2025-09-09 23:07:49,477 [WARN] PackLoader:240 - Cannot read IP mode file for STMicroelectronics.X-CUBE-BLEMGR.3.0.0
2025-09-09 23:07:49,490 [WARN] PackLoader:240 - Cannot read IP mode file for wolfSSL.I-CUBE-wolfTPM.3.8.0
2025-09-09 23:07:49,504 [WARN] PackLoader:240 - Cannot read IP mode file for STMicroelectronics.X-CUBE-TCPP.4.2.0
2025-09-09 23:07:49,511 [WARN] PackLoader:240 - Cannot read IP mode file for RealThread.X-CUBE-RT-Thread_Nano.4.1.1
2025-09-09 23:07:49,522 [WARN] PackLoader:240 - Cannot read IP mode file for STMicroelectronics.FP-ATR-SIGFOX1.3.2.0
2025-09-09 23:07:49,535 [WARN] PackLoader:240 - Cannot read IP mode file for STMicroelectronics.X-CUBE-EEPRMA1.5.1.0
2025-09-09 23:07:49,558 [WARN] PackLoader:240 - Cannot read IP mode file for STMicroelectronics.X-CUBE-ST67W61.1.0.0
2025-09-09 23:07:49,565 [WARN] PackLoader:240 - Cannot read IP mode file for STMicroelectronics.X-CUBE-AI.10.2.0
2025-09-09 23:07:49,628 [WARN] PackLoader:240 - Cannot read IP mode file for SEGGER.I-CUBE-embOS.1.3.1
2025-09-09 23:07:49,727 [WARN] PackLoader:240 - Cannot read IP mode file for STMicroelectronics.X-CUBE-ALGOBUILD.1.4.0
2025-09-09 23:07:49,860 [WARN] PackLoader:240 - Cannot read IP mode file for STMicroelectronics.X-CUBE-MEMS1.11.3.0
2025-09-09 23:07:49,976 [WARN] PackLoader:240 - Cannot read IP mode file for STMicroelectronics.X-CUBE-PM33A1.1.0.0
2025-09-09 23:07:49,993 [WARN] PackLoader:240 - Cannot read IP mode file for STMicroelectronics.X-CUBE-GNSS1.6.0.0
2025-09-09 23:07:50,018 [WARN] PackLoader:240 - Cannot read IP mode file for STMicroelectronics.X-CUBE-AZRTOS-F4.1.1.0
2025-09-09 23:07:50,036 [WARN] PackLoader:240 - Cannot read IP mode file for Avnet-IotConnect.X-CUBE-IoTC-DA16k-PMOD.1.0.0
2025-09-09 23:07:50,040 [WARN] PackLoader:240 - Cannot read IP mode file for STMicroelectronics.X-CUBE-ISPU.2.1.0
2025-09-09 23:07:50,045 [WARN] PackLoader:240 - Cannot read IP mode file for wolfSSL.I-CUBE-wolfSSL.5.6.6
2025-09-09 23:07:50,054 [WARN] PackLoader:240 - Cannot read IP mode file for STMicroelectronics.X-CUBE-NFC12.1.0.0
2025-09-09 23:07:50,078 [WARN] PackLoader:240 - Cannot read IP mode file for STMicroelectronics.X-CUBE-AZRTOS-L5.2.0.0
2025-09-09 23:07:50,097 [WARN] PackLoader:240 - Cannot read IP mode file for STMicroelectronics.X-CUBE-NFC6.3.1.0
2025-09-09 23:07:50,106 [WARN] PackLoader:240 - Cannot read IP mode file for ITTIA_DB.I-CUBE-ITTIADB.8.8.0
2025-09-09 23:07:50,112 [WARN] PackLoader:240 - Cannot read IP mode file for STMicroelectronics.X-CUBE-FREERTOS.1.3.1
2025-09-09 23:07:50,118 [WARN] PackLoader:240 - Cannot read IP mode file for STMicroelectronics.X-CUBE-NFC7.1.0.1
2025-09-09 23:07:50,137 [WARN] PackLoader:240 - Cannot read IP mode file for STMicroelectronics.X-CUBE-NFC6.3.0.0
2025-09-09 23:07:50,149 [WARN] PackLoader:240 - Cannot read IP mode file for STMicroelectronics.FP-SNS-STAIOTCFT.1.0.0
2025-09-09 23:07:50,156 [WARN] PackLoader:240 - Cannot read IP mode file for STMicroelectronics.X-CUBE-DPower.1.3.0
2025-09-09 23:07:50,159 [WARN] PackLoader:240 - Cannot read IP mode file for STMicroelectronics.X-CUBE-AI.8.1.0
2025-09-09 23:07:50,184 [WARN] ConditionMgr:438 - getConditionDescription Invalid condition id : LAN8742 Phy interface Condition cause : null
2025-09-09 23:07:50,186 [WARN] PackLoader:240 - Cannot read IP mode file for STMicroelectronics.X-CUBE-AZRTOS-L4.2.0.0
2025-09-09 23:07:50,189 [WARN] ConditionMgr:1044 - genDependencies : Invalid condition id : LAN8742 Phy interface Condition cause : null
2025-09-09 23:07:50,190 [WARN] ConditionMgr:1044 - genDependencies : Invalid condition id : LAN8742 Phy interface Condition cause : null
2025-09-09 23:07:50,191 [WARN] ConditionMgr:1044 - genDependencies : Invalid condition id : LAN8742 Phy interface Condition cause : null
2025-09-09 23:07:50,203 [WARN] PackLoader:240 - Cannot read IP mode file for STMicroelectronics.X-CUBE-SFXS2LP1.4.0.0
2025-09-09 23:07:50,225 [WARN] PackLoader:240 - Cannot read IP mode file for STMicroelectronics.X-CUBE-BLEMGR.4.1.0
2025-09-09 23:07:50,247 [WARN] ConditionMgr:438 - getConditionDescription Invalid condition id : UX DEVICE CLASS RTOS Condition cause : null
2025-09-09 23:07:50,248 [WARN] ConditionMgr:438 - getConditionDescription Invalid condition id : UX DEVICE CLASS RTOS Condition cause : null
2025-09-09 23:07:50,252 [WARN] PackLoader:240 - Cannot read IP mode file for STMicroelectronics.X-CUBE-AZRTOS-WB.2.0.0
2025-09-09 23:07:50,254 [WARN] ConditionMgr:1044 - genDependencies : Invalid condition id : UX DEVICE CLASS RTOS Condition cause : null
2025-09-09 23:07:50,254 [WARN] ConditionMgr:1044 - genDependencies : Invalid condition id : UX DEVICE CLASS RTOS Condition cause : null
2025-09-09 23:07:50,254 [WARN] ConditionMgr:1044 - genDependencies : Invalid condition id : UX DEVICE CLASS RTOS Condition cause : null
2025-09-09 23:07:50,255 [WARN] ConditionMgr:1044 - genDependencies : Invalid condition id : UX DEVICE CLASS RTOS Condition cause : null
2025-09-09 23:07:50,255 [WARN] ConditionMgr:1044 - genDependencies : Invalid condition id : UX DEVICE CLASS RTOS Condition cause : null
2025-09-09 23:07:50,261 [WARN] PackLoader:240 - Cannot read IP mode file for STMicroelectronics.X-CUBE-GNSS1.7.0.1
2025-09-09 23:07:50,265 [WARN] PackLoader:240 - Cannot read IP mode file for STMicroelectronics.X-CUBE-TOUCHGFX.4.25.0
2025-09-09 23:07:50,271 [WARN] PackLoader:240 - Cannot read IP mode file for STMicroelectronics.FP-SNS-STBOX1.2.0.0
2025-09-09 23:07:50,289 [WARN] PackLoader:240 - Cannot read IP mode file for STMicroelectronics.X-CUBE-SUBG2.5.0.0
2025-09-09 23:07:50,319 [WARN] PackLoader:240 - Cannot read IP mode file for STMicroelectronics.X-CUBE-AZRTOS-H7RS.1.1.0
2025-09-09 23:07:50,331 [WARN] PackLoader:240 - Cannot read IP mode file for Cesanta.I-CUBE-Mongoose.7.13.0
2025-09-09 23:07:50,678 [WARN] PackLoader:240 - Cannot read IP mode file for STMicroelectronics.X-CUBE-AZRTOS-G4.2.0.0
2025-09-09 23:07:51,010 [WARN] PackLoader:240 - Cannot read IP mode file for Infineon.AIROC-Wi-Fi-Bluetooth-STM32.1.5.1
2025-09-09 23:07:51,047 [WARN] PackLoader:240 - Cannot read IP mode file for wolfSSL.I-CUBE-wolfSSH.1.4.20
2025-09-09 23:07:51,057 [WARN] PackLoader:240 - Cannot read IP mode file for STMicroelectronics.X-CUBE-NFC7.2.0.0
2025-09-09 23:07:51,064 [WARN] PackLoader:240 - Cannot read IP mode file for STMicroelectronics.FP-SNS-MOTENVWB1.1.3.1
2025-09-09 23:07:51,073 [WARN] PackLoader:240 - Cannot read IP mode file for STMicroelectronics.X-CUBE-ISPU.2.0.0
2025-09-09 23:07:51,091 [WARN] PackLoader:240 - Cannot read IP mode file for STMicroelectronics.X-CUBE-IPS.3.1.0
2025-09-09 23:07:51,103 [WARN] PackLoader:240 - Cannot read IP mode file for STMicroelectronics.X-CUBE-ALS.1.0.2
2025-09-09 23:07:51,166 [WARN] PackLoader:240 - Cannot read IP mode file for STMicroelectronics.X-CUBE-MEMS1.10.0.0
2025-09-09 23:07:51,258 [WARN] PackLoader:240 - Cannot read IP mode file for STMicroelectronics.X-CUBE-FREERTOS.1.1.0
2025-09-09 23:07:51,272 [WARN] PackLoader:240 - Cannot read IP mode file for STMicroelectronics.X-CUBE-STSE01.1.0.0
2025-09-09 23:07:51,283 [WARN] PackLoader:240 - Cannot read IP mode file for portGmbH.I-Cube-SoM-uGOAL.1.1.0
2025-09-09 23:07:51,287 [WARN] PackLoader:240 - Cannot read IP mode file for STMicroelectronics.X-CUBE-ALS.1.0.1
2025-09-09 23:07:51,311 [WARN] PackLoader:240 - Cannot read IP mode file for STMicroelectronics.FP-ATR-ASTRA1.2.0.0
2025-09-09 23:07:51,334 [WARN] PackLoader:240 - Cannot read IP mode file for STMicroelectronics.X-CUBE-TOF1.3.4.3
2025-09-09 23:07:51,361 [WARN] PackLoader:240 - Cannot read IP mode file for STMicroelectronics.X-CUBE-TOF1.3.4.0
2025-09-09 23:07:51,398 [WARN] PackLoader:240 - Cannot read IP mode file for STMicroelectronics.X-CUBE-AZRTOS-H7.3.2.0
2025-09-09 23:07:51,417 [INFO] ThirdParty:978 - Integrity check success = true
2025-09-09 23:07:51,417 [INFO] IntegrityCheckThread:100 - exiting critical section [integrity check]
2025-09-09 23:07:51,417 [INFO] IntegrityCheckThread:103 - End integrity checks thread
2025-09-09 23:07:55,726 [INFO] WebApp:169 - Instantiating new browser for Auth
2025-09-09 23:07:57,694 [ERROR] LogOutputStream:75 - [STDERR_REDIRECT] 
2025-09-09 23:08:45,818 [INFO] Activator:176 - 


2025-09-09 23:08:45,820 [INFO] Activator:177 - !SESSION log4j initialized
2025-09-09 23:08:47,943 [INFO] LogOutputStream:77 - [STDOUT_REDIRECT] 
2025-09-09 23:08:50,578 [ERROR] LogOutputStream:75 - [STDERR_REDIRECT] 
2025-09-09 23:08:53,386 [INFO] LogOutputStream:77 - [STDOUT_REDIRECT] 
2025-09-09 23:08:56,425 [INFO] ApplicationProperties:184 - Using Application install path: /Applications/STM32CubeIDE.app/Contents/Eclipse/plugins/com.st.stm32cube.common.mx_6.15.0.202507011659
2025-09-09 23:08:56,455 [INFO] DbMcusXml:78 - Set database path to: /Applications/STM32CubeIDE.app/Contents/Eclipse/plugins/com.st.stm32cube.common.mx_6.15.0.202507011659//db//mcu/
2025-09-09 23:08:56,455 [INFO] ApiDb:274 - Set plugin database path to: /Applications/STM32CubeIDE.app/Contents/Eclipse/plugins/com.st.stm32cube.common.mx_6.15.0.202507011659//db//plugins/boardmanager/
2025-09-09 23:08:56,457 [WARN] ApiDb:259 - Overriding images path with different value:  => /Applications/STM32CubeIDE.app/Contents/Eclipse/plugins/com.st.stm32cube.common.mx_6.15.0.202507011659//db//plugins/mcufinder/images/
2025-09-09 23:08:56,464 [INFO] ApiDb:250 - Set database path to: /Users/mhaoliu/.stmcufinder/plugins/mcufinder//mcu/
2025-09-09 23:08:56,466 [INFO] DbMcusAds:125 - Set database path to: /Users/mhaoliu/.stmcufinder/plugins/mcufinder//mcu/
2025-09-09 23:08:56,468 [INFO] CrossReferenceDbSqlite:203 - Set database path to: /Users/mhaoliu/.stmcufinder/plugins/mcufinder//mcu/cs/
2025-09-09 23:08:56,669 [INFO] RulesReader:64 - Compatibility file has been processed (317 Rules)
2025-09-09 23:08:56,749 [INFO] DbMcusXml:78 - Set database path to: /Applications/STM32CubeIDE.app/Contents/Eclipse/plugins/com.st.stm32cube.common.mx_6.15.0.202507011659//db//mcu/
2025-09-09 23:08:56,749 [INFO] ApiDb:274 - Set plugin database path to: /Applications/STM32CubeIDE.app/Contents/Eclipse/plugins/com.st.stm32cube.common.mx_6.15.0.202507011659//db//plugins/boardmanager/
2025-09-09 23:08:56,749 [INFO] ApiDb:261 - Set plugin images path to: /Applications/STM32CubeIDE.app/Contents/Eclipse/plugins/com.st.stm32cube.common.mx_6.15.0.202507011659//db//plugins/mcufinder/images/
2025-09-09 23:08:56,751 [WARN] DbFile:41 - Overriding database path with different value: /Users/mhaoliu/.stmcufinder/plugins/mcufinder/ => /Users/mhaoliu/.stmcufinder/plugins/mcufinder
2025-09-09 23:08:56,751 [INFO] ApiDb:250 - Set database path to: /Users/mhaoliu/.stmcufinder/plugins/mcufinder//mcu/
2025-09-09 23:08:56,751 [WARN] DbFile:41 - Overriding database path with different value: /Users/mhaoliu/.stmcufinder/plugins/mcufinder/ => /Users/mhaoliu/.stmcufinder/plugins/mcufinder
2025-09-09 23:08:56,751 [INFO] DbMcusAds:125 - Set database path to: /Users/mhaoliu/.stmcufinder/plugins/mcufinder//mcu/
2025-09-09 23:08:56,751 [WARN] DbFile:41 - Overriding database path with different value: /Users/mhaoliu/.stmcufinder/plugins/mcufinder/ => /Users/mhaoliu/.stmcufinder/plugins/mcufinder
2025-09-09 23:08:56,751 [WARN] DbFile:41 - Overriding database path with different value: /Users/mhaoliu/.stmcufinder/plugins/mcufinder/ => /Users/mhaoliu/.stmcufinder/plugins/mcufinder
2025-09-09 23:08:56,751 [INFO] CrossReferenceDbSqlite:203 - Set database path to: /Users/mhaoliu/.stmcufinder/plugins/mcufinder//mcu/cs/
2025-09-09 23:08:56,846 [INFO] MainPanel:274 - HeapMemory: 268435456
2025-09-09 23:08:57,472 [INFO] DbMcusXml:78 - Set database path to: /Applications/STM32CubeIDE.app/Contents/Eclipse/plugins/com.st.stm32cube.common.mx_6.15.0.202507011659//db//mcu/
2025-09-09 23:08:57,472 [INFO] ApiDb:274 - Set plugin database path to: /Applications/STM32CubeIDE.app/Contents/Eclipse/plugins/com.st.stm32cube.common.mx_6.15.0.202507011659//db//plugins/boardmanager/
2025-09-09 23:08:57,472 [INFO] ApiDb:261 - Set plugin images path to: /Applications/STM32CubeIDE.app/Contents/Eclipse/plugins/com.st.stm32cube.common.mx_6.15.0.202507011659//db//plugins/mcufinder/images/
2025-09-09 23:08:57,474 [WARN] DbFile:41 - Overriding database path with different value: /Users/mhaoliu/.stmcufinder/plugins/mcufinder/ => /Users/mhaoliu/.stmcufinder/plugins/mcufinder
2025-09-09 23:08:57,474 [INFO] ApiDb:250 - Set database path to: /Users/mhaoliu/.stmcufinder/plugins/mcufinder//mcu/
2025-09-09 23:08:57,474 [WARN] DbFile:41 - Overriding database path with different value: /Users/mhaoliu/.stmcufinder/plugins/mcufinder/ => /Users/mhaoliu/.stmcufinder/plugins/mcufinder
2025-09-09 23:08:57,474 [INFO] DbMcusAds:125 - Set database path to: /Users/mhaoliu/.stmcufinder/plugins/mcufinder//mcu/
2025-09-09 23:08:57,474 [WARN] DbFile:41 - Overriding database path with different value: /Users/mhaoliu/.stmcufinder/plugins/mcufinder/ => /Users/mhaoliu/.stmcufinder/plugins/mcufinder
2025-09-09 23:08:57,474 [WARN] DbFile:41 - Overriding database path with different value: /Users/mhaoliu/.stmcufinder/plugins/mcufinder/ => /Users/mhaoliu/.stmcufinder/plugins/mcufinder
2025-09-09 23:08:57,474 [INFO] CrossReferenceDbSqlite:203 - Set database path to: /Users/mhaoliu/.stmcufinder/plugins/mcufinder//mcu/cs/
2025-09-09 23:08:57,498 [INFO] ApplicationProperties:184 - Using Application install path: /Applications/STM32CubeIDE.app/Contents/Eclipse/plugins/com.st.stm32cube.common.mx_6.15.0.202507011659
2025-09-09 23:08:57,500 [INFO] PluginManage:196 - Search for loadable plugins [exclusion list=, ]
2025-09-09 23:08:57,501 [INFO] PluginManage:310 - Check plugin analytics
2025-09-09 23:08:57,777 [INFO] AnalyticsPlugin:253 - Accepted Software Licenses: 
2025-09-09 23:08:57,777 [INFO] AnalyticsPlugin:255 - Accepted CMSIS Pack Licenses: 
2025-09-09 23:08:57,777 [INFO] AnalyticsPlugin:257 - Accepted Firmware Licenses: 
2025-09-09 23:08:57,789 [INFO] PluginManage:359 - Loaded plugin analytics (category:tool,tabindex:-1)
2025-09-09 23:08:57,792 [INFO] PluginManage:310 - Check plugin cadmodel
2025-09-09 23:08:57,808 [INFO] CADModel:105 - Init CAD model plugin
2025-09-09 23:08:57,808 [INFO] PluginManage:359 - Loaded plugin cadmodel (category:power,tabindex:5)
2025-09-09 23:08:57,809 [INFO] PluginManage:310 - Check plugin clock
2025-09-09 23:08:57,821 [INFO] PluginManage:359 - Loaded plugin clock (category:base,tabindex:2)
2025-09-09 23:08:57,821 [INFO] PluginManage:310 - Check plugin ddr
2025-09-09 23:08:57,827 [INFO] PluginManage:359 - Loaded plugin ddr (category:tool,tabindex:6)
2025-09-09 23:08:57,827 [INFO] PluginManage:310 - Check plugin filemanager
2025-09-09 23:08:58,020 [INFO] PluginManage:359 - Loaded plugin filemanager (category:base,tabindex:10)
2025-09-09 23:08:58,021 [INFO] PluginManage:310 - Check plugin ipmanager
2025-09-09 23:08:58,076 [INFO] PluginManage:359 - Loaded plugin ipmanager (category:base,tabindex:5)
2025-09-09 23:08:58,078 [INFO] PluginManage:310 - Check plugin lpbam
2025-09-09 23:08:58,098 [INFO] PluginManage:359 - Loaded plugin lpbam (category:base,tabindex:0)
2025-09-09 23:08:58,098 [INFO] PluginManage:310 - Check plugin memorymap
2025-09-09 23:08:58,364 [INFO] PluginManage:359 - Loaded plugin memorymap (category:base,tabindex:4)
2025-09-09 23:08:58,370 [INFO] PluginManage:310 - Check plugin pinoutandconfiguration
2025-09-09 23:08:58,428 [INFO] PluginManage:359 - Loaded plugin pinoutandconfiguration (category:base,tabindex:1)
2025-09-09 23:08:58,430 [INFO] PluginManage:310 - Check plugin pinoutconfig
2025-09-09 23:08:58,624 [WARN] SupportedApi:132 - Cannot load RTOS API schema: s4s-elt-must-match.1: The content of 'definitions' must match (annotation?, (simpleType | complexType)?, (unique | key | keyref)*)). A problem was found starting at: attribute.
2025-09-09 23:08:58,888 [INFO] PluginManage:359 - Loaded plugin pinoutconfig (category:base,tabindex:0)
2025-09-09 23:08:58,890 [INFO] PluginManage:310 - Check plugin power
2025-09-09 23:08:58,902 [INFO] PluginManage:359 - Loaded plugin power (category:power,tabindex:4)
2025-09-09 23:08:58,902 [INFO] PluginManage:310 - Check plugin projectmanager
2025-09-09 23:08:58,937 [INFO] PluginManage:359 - Loaded plugin projectmanager (category:projectmanager,tabindex:4)
2025-09-09 23:08:58,937 [INFO] PluginManage:310 - Check plugin rif
2025-09-09 23:08:58,945 [INFO] PluginManage:359 - Loaded plugin rif (category:base,tabindex:3)
2025-09-09 23:08:58,946 [INFO] PluginManage:310 - Check plugin thirdparty
2025-09-09 23:08:59,146 [INFO] PluginManage:359 - Loaded plugin thirdparty (category:base,tabindex:-1)
2025-09-09 23:08:59,147 [INFO] PluginManage:310 - Check plugin tools
2025-09-09 23:08:59,150 [INFO] PluginManage:359 - Loaded plugin tools (category:base,tabindex:7)
2025-09-09 23:08:59,151 [INFO] PluginManage:310 - Check plugin tutovideos
2025-09-09 23:08:59,146 [WARN] IntegrityCheckThread:84 - waiting for thirdparty lock release [integrity check]
2025-09-09 23:08:59,151 [INFO] IntegrityCheckThread:86 - entering critical section [integrity check]
2025-09-09 23:08:59,152 [INFO] ThirdPartyUpdaterWithRetryManager:70 - Updater plugin not ready yet. [1/15]
2025-09-09 23:08:59,363 [INFO] PluginManage:359 - Loaded plugin tutovideos (category:base,tabindex:-1)
2025-09-09 23:08:59,363 [INFO] PluginManage:310 - Check plugin updater
2025-09-09 23:08:59,394 [INFO] PluginManage:359 - Loaded plugin updater (category:base,tabindex:12)
2025-09-09 23:08:59,394 [INFO] PluginManage:310 - Check plugin userauth
2025-09-09 23:08:59,398 [INFO] UserAuth:118 - Init User Auth plugin
2025-09-09 23:08:59,400 [INFO] PluginManage:359 - Loaded plugin userauth (category:base,tabindex:14)
2025-09-09 23:08:59,403 [INFO] PluginManage:283 - PluginManage : Loaded plugins [18]
2025-09-09 23:08:59,677 [INFO] PinOutPanel:1589 - setPackage(No Configuration,No Configuration)
2025-09-09 23:08:59,764 [INFO] CADModel:165 - CPN selected for project level
2025-09-09 23:08:59,764 [INFO] CADModel:114 - Register for checkConnection events
2025-09-09 23:08:59,778 [INFO] IPUIPlugin:80 - create IPUIPlugin
2025-09-09 23:08:59,778 [INFO] PluginManager:220 - loadIPPluginJar : add mdma
2025-09-09 23:08:59,784 [INFO] IPUIPlugin:80 - create IPUIPlugin
2025-09-09 23:08:59,784 [INFO] PluginManager:220 - loadIPPluginJar : add freertos
2025-09-09 23:08:59,787 [INFO] IPUIPlugin:80 - create IPUIPlugin
2025-09-09 23:08:59,788 [INFO] PluginManager:220 - loadIPPluginJar : add gic
2025-09-09 23:08:59,795 [INFO] IPUIPlugin:80 - create IPUIPlugin
2025-09-09 23:08:59,795 [INFO] PluginManager:220 - loadIPPluginJar : add adc
2025-09-09 23:08:59,797 [INFO] IPUIPlugin:80 - create IPUIPlugin
2025-09-09 23:08:59,797 [INFO] PluginManager:220 - loadIPPluginJar : add gtzc
2025-09-09 23:08:59,798 [INFO] IPUIPlugin:80 - create IPUIPlugin
2025-09-09 23:08:59,798 [INFO] PluginManager:220 - loadIPPluginJar : add quadspi
2025-09-09 23:08:59,799 [INFO] IPUIPlugin:80 - create IPUIPlugin
2025-09-09 23:08:59,800 [INFO] PluginManager:220 - loadIPPluginJar : add aes
2025-09-09 23:08:59,801 [INFO] IPUIPlugin:80 - create IPUIPlugin
2025-09-09 23:08:59,801 [INFO] PluginManager:220 - loadIPPluginJar : add pdm2pcm
2025-09-09 23:08:59,802 [INFO] IPUIPlugin:80 - create IPUIPlugin
2025-09-09 23:08:59,803 [INFO] PluginManager:220 - loadIPPluginJar : add hash
2025-09-09 23:08:59,804 [INFO] IPUIPlugin:80 - create IPUIPlugin
2025-09-09 23:08:59,804 [INFO] PluginManager:220 - loadIPPluginJar : add tim
2025-09-09 23:08:59,805 [INFO] IPUIPlugin:80 - create IPUIPlugin
2025-09-09 23:08:59,805 [INFO] PluginManager:220 - loadIPPluginJar : add tsc
2025-09-09 23:08:59,807 [INFO] IPUIPlugin:80 - create IPUIPlugin
2025-09-09 23:08:59,808 [INFO] PluginManager:220 - loadIPPluginJar : add extmemmanager
2025-09-09 23:08:59,809 [INFO] IPUIPlugin:80 - create IPUIPlugin
2025-09-09 23:08:59,810 [INFO] PluginManager:220 - loadIPPluginJar : add ts
2025-09-09 23:08:59,810 [INFO] IPUIPlugin:80 - create IPUIPlugin
2025-09-09 23:08:59,811 [INFO] PluginManager:220 - loadIPPluginJar : add radio
2025-09-09 23:08:59,812 [INFO] IPUIPlugin:80 - create IPUIPlugin
2025-09-09 23:08:59,812 [INFO] PluginManager:220 - loadIPPluginJar : add can
2025-09-09 23:08:59,813 [INFO] IPUIPlugin:80 - create IPUIPlugin
2025-09-09 23:08:59,815 [INFO] PluginManager:220 - loadIPPluginJar : add dma3
2025-09-09 23:08:59,817 [INFO] IPUIPlugin:80 - create IPUIPlugin
2025-09-09 23:08:59,818 [INFO] PluginManager:220 - loadIPPluginJar : add dfsdm
2025-09-09 23:08:59,819 [INFO] IPUIPlugin:80 - create IPUIPlugin
2025-09-09 23:08:59,819 [INFO] PluginManager:220 - loadIPPluginJar : add spi
2025-09-09 23:08:59,821 [INFO] IPUIPlugin:80 - create IPUIPlugin
2025-09-09 23:08:59,821 [INFO] PluginManager:220 - loadIPPluginJar : add gfxmmu
2025-09-09 23:08:59,823 [INFO] IPUIPlugin:80 - create IPUIPlugin
2025-09-09 23:08:59,823 [INFO] PluginManager:220 - loadIPPluginJar : add genericplugin
2025-09-09 23:08:59,826 [INFO] IPUIPlugin:80 - create IPUIPlugin
2025-09-09 23:08:59,826 [INFO] PluginManager:220 - loadIPPluginJar : add cryp
2025-09-09 23:08:59,829 [INFO] IPUIPlugin:80 - create IPUIPlugin
2025-09-09 23:08:59,830 [INFO] PluginManager:220 - loadIPPluginJar : add gpio
2025-09-09 23:08:59,832 [INFO] IPUIPlugin:80 - create IPUIPlugin
2025-09-09 23:08:59,832 [INFO] PluginManager:220 - loadIPPluginJar : add ddr_ctrl_phy
2025-09-09 23:08:59,833 [INFO] IPUIPlugin:80 - create IPUIPlugin
2025-09-09 23:08:59,834 [INFO] PluginManager:220 - loadIPPluginJar : add comp
2025-09-09 23:08:59,835 [INFO] IPUIPlugin:80 - create IPUIPlugin
2025-09-09 23:08:59,836 [INFO] PluginManager:220 - loadIPPluginJar : add tracer_emb
2025-09-09 23:08:59,841 [INFO] IPUIPlugin:80 - create IPUIPlugin
2025-09-09 23:08:59,841 [INFO] PluginManager:220 - loadIPPluginJar : add openamp
2025-09-09 23:08:59,845 [INFO] IPUIPlugin:80 - create IPUIPlugin
2025-09-09 23:08:59,846 [INFO] PluginManager:220 - loadIPPluginJar : add stm32_wpan
2025-09-09 23:08:59,850 [INFO] IPUIPlugin:80 - create IPUIPlugin
2025-09-09 23:08:59,854 [INFO] PluginManager:220 - loadIPPluginJar : add plateformsettings
2025-09-09 23:08:59,857 [INFO] IPUIPlugin:80 - create IPUIPlugin
2025-09-09 23:08:59,857 [INFO] PluginManager:220 - loadIPPluginJar : add ipddr
2025-09-09 23:08:59,861 [INFO] IPUIPlugin:80 - create IPUIPlugin
2025-09-09 23:08:59,861 [INFO] PluginManager:220 - loadIPPluginJar : add usart
2025-09-09 23:08:59,863 [INFO] IPUIPlugin:80 - create IPUIPlugin
2025-09-09 23:08:59,863 [INFO] PluginManager:220 - loadIPPluginJar : add ltdc
2025-09-09 23:08:59,868 [INFO] IPUIPlugin:80 - create IPUIPlugin
2025-09-09 23:08:59,868 [INFO] PluginManager:220 - loadIPPluginJar : add nvic
2025-09-09 23:08:59,870 [INFO] IPUIPlugin:80 - create IPUIPlugin
2025-09-09 23:08:59,870 [INFO] PluginManager:220 - loadIPPluginJar : add fatfs
2025-09-09 23:08:59,879 [INFO] IPUIPlugin:80 - create IPUIPlugin
2025-09-09 23:08:59,879 [INFO] PluginManager:220 - loadIPPluginJar : add linkedlist
2025-09-09 23:08:59,886 [INFO] IPUIPlugin:80 - create IPUIPlugin
2025-09-09 23:08:59,887 [INFO] PluginManager:220 - loadIPPluginJar : add dma
2025-09-09 23:08:59,892 [INFO] IPUIPlugin:80 - create IPUIPlugin
2025-09-09 23:08:59,893 [INFO] PluginManager:220 - loadIPPluginJar : add fmc
2025-09-09 23:08:59,895 [INFO] IPUIPlugin:80 - create IPUIPlugin
2025-09-09 23:08:59,895 [INFO] PluginManager:220 - loadIPPluginJar : add i2s
2025-09-09 23:08:59,899 [INFO] IPUIPlugin:80 - create IPUIPlugin
2025-09-09 23:08:59,899 [INFO] PluginManager:220 - loadIPPluginJar : add ucpd
2025-09-09 23:08:59,903 [INFO] IPUIPlugin:80 - create IPUIPlugin
2025-09-09 23:08:59,903 [INFO] PluginManager:220 - loadIPPluginJar : add lorawan
2025-09-09 23:08:59,905 [INFO] IPUIPlugin:80 - create IPUIPlugin
2025-09-09 23:08:59,906 [INFO] PluginManager:220 - loadIPPluginJar : add opamp
2025-09-09 23:08:59,908 [INFO] IPUIPlugin:80 - create IPUIPlugin
2025-09-09 23:08:59,908 [INFO] PluginManager:220 - loadIPPluginJar : add i3c
2025-09-09 23:08:59,910 [INFO] IPUIPlugin:80 - create IPUIPlugin
2025-09-09 23:08:59,910 [INFO] PluginManager:220 - loadIPPluginJar : add touchsensing
2025-09-09 23:08:59,912 [INFO] IPUIPlugin:80 - create IPUIPlugin
2025-09-09 23:08:59,913 [INFO] PluginManager:220 - loadIPPluginJar : add i2c
2025-09-09 23:08:59,915 [INFO] IPUIPlugin:80 - create IPUIPlugin
2025-09-09 23:08:59,915 [INFO] PluginManager:220 - loadIPPluginJar : add resmgrutility
2025-09-09 23:08:59,917 [INFO] IPUIPlugin:80 - create IPUIPlugin
2025-09-09 23:08:59,917 [INFO] PluginManager:220 - loadIPPluginJar : add sai
2025-09-09 23:08:59,920 [INFO] IPUIPlugin:80 - create IPUIPlugin
2025-09-09 23:08:59,920 [INFO] PluginManager:220 - loadIPPluginJar : add usbx
2025-09-09 23:09:00,042 [FATAL] Updater:351 - Updater called before beeing initialized
2025-09-09 23:09:00,099 [INFO] RulesReader:64 - Compatibility file has been processed (317 Rules)
2025-09-09 23:09:00,113 [INFO] RulesReader:64 - Compatibility file has been processed (317 Rules)
2025-09-09 23:09:00,125 [INFO] CADModel:165 - CPN selected for project level
2025-09-09 23:09:00,125 [INFO] CADModel:114 - Register for checkConnection events
2025-09-09 23:09:00,125 [FATAL] Updater:351 - Updater called before beeing initialized
2025-09-09 23:09:00,125 [ERROR] CADModel:125 - Updater not yet initialized, retry later 
2025-09-09 23:09:00,480 [FATAL] Updater:351 - Updater called before beeing initialized
2025-09-09 23:09:00,481 [INFO] CADModel:165 - CPN selected for project level
2025-09-09 23:09:00,481 [INFO] CADModel:114 - Register for checkConnection events
2025-09-09 23:09:00,481 [FATAL] Updater:351 - Updater called before beeing initialized
2025-09-09 23:09:00,481 [ERROR] CADModel:125 - Updater not yet initialized, retry later 
2025-09-09 23:09:00,485 [FATAL] Updater:351 - Updater called before beeing initialized
2025-09-09 23:09:00,692 [FATAL] Updater:351 - Updater called before beeing initialized
2025-09-09 23:09:00,700 [INFO] DbMcusAds:53 - JSON generation date=Tue Jul 08 04:14:23 EDT 2025 (1751962463582)
2025-09-09 23:09:00,701 [FATAL] Updater:351 - Updater called before beeing initialized
2025-09-09 23:09:01,095 [WARN] DetailPanel:346 - Failed to get advertising image, set to default
2025-09-09 23:09:01,208 [FATAL] Updater:351 - Updater called before beeing initialized
2025-09-09 23:09:01,212 [FATAL] Updater:351 - Updater called before beeing initialized
2025-09-09 23:09:01,213 [FATAL] Updater:351 - Updater called before beeing initialized
2025-09-09 23:09:01,213 [WARN] DetailPanel:346 - Failed to get advertising image, set to default
2025-09-09 23:09:01,217 [FATAL] Updater:351 - Updater called before beeing initialized
2025-09-09 23:09:01,284 [ERROR] Updater:1198 - MainUpdater not yet initialized. External WinMGr cannot be set.
2025-09-09 23:09:01,299 [INFO] Updater:1134 - Updater Version found : 6.15.0
2025-09-09 23:09:01,313 [INFO] ApplicationProperties:184 - Using Application install path: /Applications/STM32CubeIDE.app/Contents/Eclipse/plugins/com.st.stm32cube.common.mx_6.15.0.202507011659
2025-09-09 23:09:01,676 [INFO] MainUpdater:2872 - connection check result : 10
2025-09-09 23:09:01,677 [INFO] MainUpdater:289 - Updater Check For Update Now.
2025-09-09 23:09:01,677 [INFO] MicroXplorer:498 - Change Database Version : DB.6.0.150
2025-09-09 23:09:01,685 [INFO] McuFinderGlobals:63 - Set McuFinder mode to 2 (CubeIDE integrated)
2025-09-09 23:09:01,688 [INFO] UserAuth:487 - Internet connection configuration mode: 1
2025-09-09 23:09:01,714 [INFO] JxBrowserEngine:152 - Initiate JxBrowser Engine with user profile folder
2025-09-09 23:09:01,977 [INFO] CheckServerUpdateThread:120 - End of CheckServer Thread
2025-09-09 23:09:02,376 [WARN] PackLoader:240 - Cannot read IP mode file for STMicroelectronics.FP-SNS-MOTENVWB1.1.4.0
2025-09-09 23:09:02,398 [WARN] PackLoader:240 - Cannot read IP mode file for STMicroelectronics.FP-ATR-ASTRA1.2.0.2
2025-09-09 23:09:02,460 [WARN] PackLoader:240 - Cannot read IP mode file for STMicroelectronics.X-CUBE-SMBUS.2.1.0
2025-09-09 23:09:02,473 [WARN] PackLoader:240 - Cannot read IP mode file for STMicroelectronics.X-CUBE-ST60.1.0.0
2025-09-09 23:09:02,486 [WARN] PackLoader:240 - Cannot read IP mode file for STMicroelectronics.X-CUBE-TOUCHGFX.4.23.0
2025-09-09 23:09:02,547 [WARN] PackLoader:240 - Cannot read IP mode file for STMicroelectronics.X-CUBE-AZRTOS-F7.1.1.0
2025-09-09 23:09:02,653 [WARN] PackLoader:240 - Cannot read IP mode file for STMicroelectronics.FP-SNS-MOTENV1.4.3.2
2025-09-09 23:09:02,675 [WARN] PackLoader:240 - Cannot read IP mode file for STMicroelectronics.FP-SNS-FLIGHT1.5.0.2
2025-09-09 23:09:02,732 [WARN] PackLoader:240 - Cannot read IP mode file for STMicroelectronics.X-CUBE-AZRTOS-H7.3.4.0
2025-09-09 23:09:02,767 [WARN] PackLoader:240 - Cannot read IP mode file for STMicroelectronics.X-CUBE-DISPLAY.3.0.0
2025-09-09 23:09:02,801 [WARN] PackLoader:240 - Cannot read IP mode file for STMicroelectronics.X-CUBE-BLE1.7.0.0
2025-09-09 23:09:02,831 [WARN] PackLoader:240 - Cannot read IP mode file for STMicroelectronics.X-CUBE-NFC10.1.0.0
2025-09-09 23:09:02,846 [WARN] PackLoader:240 - Cannot read IP mode file for emotas.I-CUBE-CANOPEN.1.3.0
2025-09-09 23:09:02,863 [WARN] ConditionMgr:438 - getConditionDescription Invalid condition id : Cortex-A Device cause : null
2025-09-09 23:09:02,893 [WARN] ConditionMgr:1044 - genDependencies : Invalid condition id : Cortex-A Device cause : null
2025-09-09 23:09:02,893 [WARN] ConditionMgr:1044 - genDependencies : Invalid condition id : Cortex-A Device cause : null
2025-09-09 23:09:02,893 [WARN] ConditionMgr:1044 - genDependencies : Invalid condition id : Cortex-A Device cause : null
2025-09-09 23:09:02,914 [WARN] PackLoader:240 - Cannot read IP mode file for STMicroelectronics.FP-SNS-STBOX1.2.1.0
2025-09-09 23:09:02,934 [WARN] PackLoader:240 - Cannot read IP mode file for STMicroelectronics.FP-SNS-SMARTAG2.1.2.0
2025-09-09 23:09:02,942 [WARN] PackLoader:240 - Cannot read IP mode file for STMicroelectronics.FP-SNS-FLIGHT1.5.1.0
2025-09-09 23:09:02,961 [INFO] LogOutputStream:77 - [STDOUT_REDIRECT] 1 : Invalid condition id : UX_CORESTACK_Condition cause : null
2025-09-09 23:09:02,964 [INFO] LogOutputStream:77 - [STDOUT_REDIRECT] 1 : Invalid condition id : UX_CORESTACK_Condition cause : null
2025-09-09 23:09:02,964 [INFO] LogOutputStream:77 - [STDOUT_REDIRECT] 1 : Invalid condition id : UX_CORESTACK_Condition cause : null
2025-09-09 23:09:02,964 [INFO] LogOutputStream:77 - [STDOUT_REDIRECT] 1 : Invalid condition id : UX_CORESTACK_Condition cause : null
2025-09-09 23:09:02,965 [INFO] LogOutputStream:77 - [STDOUT_REDIRECT] 1 : Invalid condition id : UX_CORESTACK_Condition cause : null
2025-09-09 23:09:02,977 [WARN] PackLoader:240 - Cannot read IP mode file for STMicroelectronics.X-CUBE-AZRTOS-WL.2.0.0
2025-09-09 23:09:02,991 [WARN] PackLoader:240 - Cannot read IP mode file for STMicroelectronics.FP-SNS-MOTENV1.5.0.0
2025-09-09 23:09:03,009 [WARN] PackLoader:240 - Cannot read IP mode file for WES.I-CUBE-Cesium.1.3.0
2025-09-09 23:09:03,019 [WARN] PackLoader:240 - Cannot read IP mode file for STMicroelectronics.X-CUBE-BLE2.3.3.0
2025-09-09 23:09:03,041 [WARN] PackLoader:240 - Cannot read IP mode file for STMicroelectronics.X-CUBE-NFC9.1.0.0
2025-09-09 23:09:03,063 [WARN] PackLoader:240 - Cannot read IP mode file for STMicroelectronics.X-CUBE-BLE1.7.1.0
2025-09-09 23:09:03,072 [WARN] PackLoader:240 - Cannot read IP mode file for wolfSSL.I-CUBE-wolfMQTT.1.19.2
2025-09-09 23:09:03,084 [WARN] PackLoader:240 - Cannot read IP mode file for STMicroelectronics.X-CUBE-EEPRMA1.5.2.0
2025-09-09 23:09:03,093 [WARN] PackLoader:240 - Cannot read IP mode file for STMicroelectronics.X-CUBE-AI.10.1.0
2025-09-09 23:09:03,101 [WARN] PackLoader:240 - Cannot read IP mode file for STMicroelectronics.X-CUBE-ALGOBUILD.1.3.0
2025-09-09 23:09:03,131 [WARN] PackLoader:240 - Cannot read IP mode file for STMicroelectronics.X-CUBE-AZRTOS-G0.1.1.0
2025-09-09 23:09:03,156 [WARN] PackLoader:240 - Cannot read IP mode file for STMicroelectronics.X-CUBE-SAFEA1.1.2.2
2025-09-09 23:09:03,178 [WARN] PackLoader:240 - Cannot read IP mode file for STMicroelectronics.X-CUBE-NFC4.3.0.0
2025-09-09 23:09:03,206 [WARN] PackLoader:240 - Cannot read IP mode file for EmbeddedOffice.I-CUBE-FS-RTOS.1.0.1
2025-09-09 23:09:03,217 [WARN] PackLoader:240 - Cannot read IP mode file for STMicroelectronics.X-CUBE-WB05N.2.0.0
2025-09-09 23:09:03,246 [WARN] PackLoader:240 - Cannot read IP mode file for STMicroelectronics.X-CUBE-BLEMGR.3.0.0
2025-09-09 23:09:03,271 [WARN] PackLoader:240 - Cannot read IP mode file for wolfSSL.I-CUBE-wolfTPM.3.8.0
2025-09-09 23:09:03,283 [WARN] PackLoader:240 - Cannot read IP mode file for STMicroelectronics.X-CUBE-TCPP.4.2.0
2025-09-09 23:09:03,343 [WARN] PackLoader:240 - Cannot read IP mode file for RealThread.X-CUBE-RT-Thread_Nano.4.1.1
2025-09-09 23:09:03,366 [WARN] PackLoader:240 - Cannot read IP mode file for STMicroelectronics.FP-ATR-SIGFOX1.3.2.0
2025-09-09 23:09:03,395 [WARN] PackLoader:240 - Cannot read IP mode file for STMicroelectronics.X-CUBE-EEPRMA1.5.1.0
2025-09-09 23:09:03,419 [WARN] PackLoader:240 - Cannot read IP mode file for STMicroelectronics.X-CUBE-ST67W61.1.0.0
2025-09-09 23:09:03,431 [WARN] PackLoader:240 - Cannot read IP mode file for STMicroelectronics.X-CUBE-AI.10.2.0
2025-09-09 23:09:03,564 [WARN] PackLoader:240 - Cannot read IP mode file for SEGGER.I-CUBE-embOS.1.3.1
2025-09-09 23:09:03,660 [WARN] PackLoader:240 - Cannot read IP mode file for STMicroelectronics.X-CUBE-ALGOBUILD.1.4.0
2025-09-09 23:09:03,808 [WARN] PackLoader:240 - Cannot read IP mode file for STMicroelectronics.X-CUBE-MEMS1.11.3.0
2025-09-09 23:09:04,497 [WARN] PackLoader:240 - Cannot read IP mode file for STMicroelectronics.X-CUBE-PM33A1.1.0.0
2025-09-09 23:09:04,556 [WARN] PackLoader:240 - Cannot read IP mode file for STMicroelectronics.X-CUBE-GNSS1.6.0.0
2025-09-09 23:09:04,590 [WARN] PackLoader:240 - Cannot read IP mode file for STMicroelectronics.X-CUBE-AZRTOS-F4.1.1.0
2025-09-09 23:09:04,600 [WARN] PackLoader:240 - Cannot read IP mode file for Avnet-IotConnect.X-CUBE-IoTC-DA16k-PMOD.1.0.0
2025-09-09 23:09:04,605 [WARN] PackLoader:240 - Cannot read IP mode file for STMicroelectronics.X-CUBE-ISPU.2.1.0
2025-09-09 23:09:04,610 [WARN] PackLoader:240 - Cannot read IP mode file for wolfSSL.I-CUBE-wolfSSL.5.6.6
2025-09-09 23:09:04,627 [WARN] PackLoader:240 - Cannot read IP mode file for STMicroelectronics.X-CUBE-NFC12.1.0.0
2025-09-09 23:09:04,662 [WARN] PackLoader:240 - Cannot read IP mode file for STMicroelectronics.X-CUBE-AZRTOS-L5.2.0.0
2025-09-09 23:09:04,680 [WARN] PackLoader:240 - Cannot read IP mode file for STMicroelectronics.X-CUBE-NFC6.3.1.0
2025-09-09 23:09:04,690 [WARN] PackLoader:240 - Cannot read IP mode file for ITTIA_DB.I-CUBE-ITTIADB.8.8.0
2025-09-09 23:09:04,697 [WARN] PackLoader:240 - Cannot read IP mode file for STMicroelectronics.X-CUBE-FREERTOS.1.3.1
2025-09-09 23:09:04,706 [WARN] PackLoader:240 - Cannot read IP mode file for STMicroelectronics.X-CUBE-NFC7.1.0.1
2025-09-09 23:09:04,724 [WARN] PackLoader:240 - Cannot read IP mode file for STMicroelectronics.X-CUBE-NFC6.3.0.0
2025-09-09 23:09:04,738 [WARN] PackLoader:240 - Cannot read IP mode file for STMicroelectronics.FP-SNS-STAIOTCFT.1.0.0
2025-09-09 23:09:04,748 [WARN] PackLoader:240 - Cannot read IP mode file for STMicroelectronics.X-CUBE-DPower.1.3.0
2025-09-09 23:09:04,754 [WARN] PackLoader:240 - Cannot read IP mode file for STMicroelectronics.X-CUBE-AI.8.1.0
2025-09-09 23:09:04,786 [WARN] ConditionMgr:438 - getConditionDescription Invalid condition id : LAN8742 Phy interface Condition cause : null
2025-09-09 23:09:04,789 [WARN] PackLoader:240 - Cannot read IP mode file for STMicroelectronics.X-CUBE-AZRTOS-L4.2.0.0
2025-09-09 23:09:04,794 [WARN] ConditionMgr:1044 - genDependencies : Invalid condition id : LAN8742 Phy interface Condition cause : null
2025-09-09 23:09:04,794 [WARN] ConditionMgr:1044 - genDependencies : Invalid condition id : LAN8742 Phy interface Condition cause : null
2025-09-09 23:09:04,796 [WARN] ConditionMgr:1044 - genDependencies : Invalid condition id : LAN8742 Phy interface Condition cause : null
2025-09-09 23:09:04,810 [WARN] PackLoader:240 - Cannot read IP mode file for STMicroelectronics.X-CUBE-SFXS2LP1.4.0.0
2025-09-09 23:09:04,843 [WARN] PackLoader:240 - Cannot read IP mode file for STMicroelectronics.X-CUBE-BLEMGR.4.1.0
2025-09-09 23:09:04,873 [WARN] ConditionMgr:438 - getConditionDescription Invalid condition id : UX DEVICE CLASS RTOS Condition cause : null
2025-09-09 23:09:04,873 [WARN] ConditionMgr:438 - getConditionDescription Invalid condition id : UX DEVICE CLASS RTOS Condition cause : null
2025-09-09 23:09:04,878 [WARN] PackLoader:240 - Cannot read IP mode file for STMicroelectronics.X-CUBE-AZRTOS-WB.2.0.0
2025-09-09 23:09:04,879 [WARN] ConditionMgr:1044 - genDependencies : Invalid condition id : UX DEVICE CLASS RTOS Condition cause : null
2025-09-09 23:09:04,879 [WARN] ConditionMgr:1044 - genDependencies : Invalid condition id : UX DEVICE CLASS RTOS Condition cause : null
2025-09-09 23:09:04,880 [WARN] ConditionMgr:1044 - genDependencies : Invalid condition id : UX DEVICE CLASS RTOS Condition cause : null
2025-09-09 23:09:04,881 [WARN] ConditionMgr:1044 - genDependencies : Invalid condition id : UX DEVICE CLASS RTOS Condition cause : null
2025-09-09 23:09:04,881 [WARN] ConditionMgr:1044 - genDependencies : Invalid condition id : UX DEVICE CLASS RTOS Condition cause : null
2025-09-09 23:09:04,887 [WARN] PackLoader:240 - Cannot read IP mode file for STMicroelectronics.X-CUBE-GNSS1.7.0.1
2025-09-09 23:09:04,891 [WARN] PackLoader:240 - Cannot read IP mode file for STMicroelectronics.X-CUBE-TOUCHGFX.4.25.0
2025-09-09 23:09:04,898 [WARN] PackLoader:240 - Cannot read IP mode file for STMicroelectronics.FP-SNS-STBOX1.2.0.0
2025-09-09 23:09:04,918 [WARN] PackLoader:240 - Cannot read IP mode file for STMicroelectronics.X-CUBE-SUBG2.5.0.0
2025-09-09 23:09:04,974 [WARN] PackLoader:240 - Cannot read IP mode file for STMicroelectronics.X-CUBE-AZRTOS-H7RS.1.1.0
2025-09-09 23:09:04,982 [WARN] PackLoader:240 - Cannot read IP mode file for Cesanta.I-CUBE-Mongoose.7.13.0
2025-09-09 23:09:05,003 [WARN] PackLoader:240 - Cannot read IP mode file for STMicroelectronics.X-CUBE-AZRTOS-G4.2.0.0
2025-09-09 23:09:05,023 [WARN] PackLoader:240 - Cannot read IP mode file for Infineon.AIROC-Wi-Fi-Bluetooth-STM32.1.5.1
2025-09-09 23:09:05,031 [WARN] PackLoader:240 - Cannot read IP mode file for wolfSSL.I-CUBE-wolfSSH.1.4.20
2025-09-09 23:09:05,036 [WARN] PackLoader:240 - Cannot read IP mode file for STMicroelectronics.X-CUBE-NFC7.2.0.0
2025-09-09 23:09:05,043 [WARN] PackLoader:240 - Cannot read IP mode file for STMicroelectronics.FP-SNS-MOTENVWB1.1.3.1
2025-09-09 23:09:05,048 [WARN] PackLoader:240 - Cannot read IP mode file for STMicroelectronics.X-CUBE-ISPU.2.0.0
2025-09-09 23:09:05,083 [WARN] PackLoader:240 - Cannot read IP mode file for STMicroelectronics.X-CUBE-IPS.3.1.0
2025-09-09 23:09:05,107 [WARN] PackLoader:240 - Cannot read IP mode file for STMicroelectronics.X-CUBE-ALS.1.0.2
2025-09-09 23:09:05,176 [WARN] PackLoader:240 - Cannot read IP mode file for STMicroelectronics.X-CUBE-MEMS1.10.0.0
2025-09-09 23:09:05,282 [WARN] PackLoader:240 - Cannot read IP mode file for STMicroelectronics.X-CUBE-FREERTOS.1.1.0
2025-09-09 23:09:05,290 [WARN] PackLoader:240 - Cannot read IP mode file for STMicroelectronics.X-CUBE-STSE01.1.0.0
2025-09-09 23:09:05,301 [WARN] PackLoader:240 - Cannot read IP mode file for portGmbH.I-Cube-SoM-uGOAL.1.1.0
2025-09-09 23:09:05,311 [WARN] PackLoader:240 - Cannot read IP mode file for STMicroelectronics.X-CUBE-ALS.1.0.1
2025-09-09 23:09:05,350 [WARN] PackLoader:240 - Cannot read IP mode file for STMicroelectronics.FP-ATR-ASTRA1.2.0.0
2025-09-09 23:09:05,366 [WARN] PackLoader:240 - Cannot read IP mode file for STMicroelectronics.X-CUBE-TOF1.3.4.3
2025-09-09 23:09:05,397 [WARN] PackLoader:240 - Cannot read IP mode file for STMicroelectronics.X-CUBE-TOF1.3.4.0
2025-09-09 23:09:05,434 [WARN] PackLoader:240 - Cannot read IP mode file for STMicroelectronics.X-CUBE-AZRTOS-H7.3.2.0
2025-09-09 23:09:05,466 [INFO] ThirdParty:978 - Integrity check success = true
2025-09-09 23:09:05,466 [INFO] IntegrityCheckThread:100 - exiting critical section [integrity check]
2025-09-09 23:09:05,466 [INFO] IntegrityCheckThread:103 - End integrity checks thread
2025-09-09 23:10:44,581 [INFO] WebApp:169 - Instantiating new browser for Auth
2025-09-09 23:10:46,753 [INFO] WebApp:463 - Apply proxy settings
2025-09-09 23:10:46,850 [INFO] WebApp:508 - Chromium authenticates against Manually configured proxy
2025-09-09 23:10:46,886 [INFO] WebApp:516 - Username used for proxy authentication: 
2025-09-09 23:10:46,972 [INFO] WebApp:900 - Register for checkConnection events
2025-09-09 23:10:46,974 [INFO] WebApp:463 - Apply proxy settings
2025-09-09 23:10:46,988 [INFO] WebApp:508 - Chromium authenticates against Manually configured proxy
2025-09-09 23:10:46,989 [INFO] WebApp:516 - Username used for proxy authentication: 
2025-09-09 23:10:47,247 [INFO] WebApp:225 - Starting web application
2025-09-09 23:10:47,248 [INFO] WebApp:593 - Web application path used /Applications/STM32CubeIDE.app/Contents/Eclipse/plugins/com.st.stm32cube.common.mx_6.15.0.202507011659/db/plugins/mcufinder/reactClient1/index.html
2025-09-09 23:10:47,673 [INFO] WebApp:191 - Connection restablished
2025-09-09 23:10:48,389 [INFO] UserAuth:487 - Internet connection configuration mode: 1
